[INFO] Scanning for projects...
[INFO] Inspecting build with total of 1 modules
[INFO] Installing Central Publishing features
[INFO] 
[INFO] --------------< com.brihaspathee.sapphire:config-server >---------------
[INFO] Building config-server 1.0.1
[INFO] --------------------------------[ jar ]---------------------------------
[INFO] 
[INFO] --- maven-clean-plugin:3.4.0:clean (default-clean) @ config-server ---
[INFO] Deleting /Users/balaji/Documents/mac-mini/Projects.nosync/sapphire/services/config-server/target
[INFO] 
[INFO] --- maven-resources-plugin:3.3.1:resources (default-resources) @ config-server ---
[INFO] Copying 2 resources from src/main/resources to target/classes
[INFO] Copying 6 resources from src/main/resources to target/classes
[INFO] 
[INFO] --- maven-compiler-plugin:3.8.1:compile (default-compile) @ config-server ---
[INFO] Changes detected - recompiling the module!
[INFO] Compiling 1 source file to /Users/balaji/Documents/mac-mini/Projects.nosync/sapphire/services/config-server/target/classes
[INFO] 
[INFO] --- maven-resources-plugin:3.3.1:testResources (default-testResources) @ config-server ---
[INFO] skip non existing resourceDirectory /Users/balaji/Documents/mac-mini/Projects.nosync/sapphire/services/config-server/src/test/resources
[INFO] 
[INFO] --- maven-compiler-plugin:3.8.1:testCompile (default-testCompile) @ config-server ---
[INFO] Changes detected - recompiling the module!
[INFO] Compiling 1 source file to /Users/balaji/Documents/mac-mini/Projects.nosync/sapphire/services/config-server/target/test-classes
[INFO] 
[INFO] --- maven-surefire-plugin:3.5.2:test (default-test) @ config-server ---
[INFO] Using auto detected provider org.apache.maven.surefire.junitplatform.JUnitPlatformProvider
[INFO] 
[INFO] -------------------------------------------------------
[INFO]  T E S T S
[INFO] -------------------------------------------------------
[INFO] Running com.brihaspathee.sapphire.ConfigServerApplicationTests
05:38:55.480 [main] INFO org.springframework.test.context.support.AnnotationConfigContextLoaderUtils -- Could not detect default configuration classes for test class [com.brihaspathee.sapphire.ConfigServerApplicationTests]: ConfigServerApplicationTests does not declare any static, non-private, non-final, nested classes annotated with @Configuration.
05:38:55.524 [main] INFO org.springframework.boot.test.context.SpringBootTestContextBootstrapper -- Found @SpringBootConfiguration com.brihaspathee.sapphire.ConfigServerApplication for test class com.brihaspathee.sapphire.ConfigServerApplicationTests

  .   ____          _            __ _ _
 /\\ / ___'_ __ _ _(_)_ __  __ _ \ \ \ \
( ( )\___ | '_ | '_| | '_ \/ _` | \ \ \ \
 \\/  ___)| |_)| | | | | || (_| |  ) ) ) )
  '  |____| .__|_| |_|_| |_\__, | / / / /
 =========|_|==============|___/=/_/_/_/

 :: Spring Boot ::                (v3.4.0)

2025-03-05T05:38:55.839-05:00  INFO 2506 --- [config-server] [           main] c.b.s.ConfigServerApplicationTests       : Starting ConfigServerApplicationTests using Java 21.0.3 with PID 2506 (started by balaji in /Users/balaji/Documents/mac-mini/Projects.nosync/sapphire/services/config-server)
2025-03-05T05:38:55.839-05:00  INFO 2506 --- [config-server] [           main] c.b.s.ConfigServerApplicationTests       : The following 1 profile is active: "native"
2025-03-05T05:38:56.233-05:00  INFO 2506 --- [config-server] [           main] o.s.cloud.context.scope.GenericScope     : BeanFactory id=c9795f3c-bc81-309b-9223-1818dbb3585f
2025-03-05T05:38:56.639-05:00  INFO 2506 --- [config-server] [           main] c.b.s.ConfigServerApplicationTests       : Started ConfigServerApplicationTests in 0.951 seconds (process running for 1.463)
Mockito is currently self-attaching to enable the inline-mock-maker. This will no longer work in future releases of the JDK. Please add Mockito as an agent to your build what is described in Mockito's documentation: https://javadoc.io/doc/org.mockito/mockito-core/latest/org/mockito/Mockito.html#0.3
Java HotSpot(TM) 64-Bit Server VM warning: Sharing is only supported for boot loader classes because bootstrap classpath has been appended
WARNING: A Java agent has been loaded dynamically (/Users/balaji/.m2/repository/net/bytebuddy/byte-buddy-agent/1.15.10/byte-buddy-agent-1.15.10.jar)
WARNING: If a serviceability tool is in use, please run with -XX:+EnableDynamicAgentLoading to hide this warning
WARNING: If a serviceability tool is not in use, please run with -Djdk.instrument.traceUsage for more information
WARNING: Dynamic loading of agents will be disallowed by default in a future release
[INFO] Tests run: 1, Failures: 0, Errors: 0, Skipped: 0, Time elapsed: 1.666 s -- in com.brihaspathee.sapphire.ConfigServerApplicationTests
[INFO] 
[INFO] Results:
[INFO] 
[INFO] Tests run: 1, Failures: 0, Errors: 0, Skipped: 0
[INFO] 
[INFO] 
[INFO] --- maven-jar-plugin:3.4.2:jar (default-jar) @ config-server ---
[INFO] Building jar: /Users/balaji/Documents/mac-mini/Projects.nosync/sapphire/services/config-server/target/config-server-1.0.1.jar
[INFO] 
[INFO] --- spring-boot-maven-plugin:3.4.0:repackage (repackage) @ config-server ---
[INFO] Replacing main artifact /Users/balaji/Documents/mac-mini/Projects.nosync/sapphire/services/config-server/target/config-server-1.0.1.jar with repackaged archive, adding nested dependencies in BOOT-INF/.
[INFO] The original artifact has been renamed to /Users/balaji/Documents/mac-mini/Projects.nosync/sapphire/services/config-server/target/config-server-1.0.1.jar.original
[INFO] 
[INFO] --- maven-source-plugin:3.2.1:jar-no-fork (attach-sources) @ config-server ---
[INFO] Building jar: /Users/balaji/Documents/mac-mini/Projects.nosync/sapphire/services/config-server/target/config-server-1.0.1-sources.jar
[INFO] 
[INFO] --- maven-javadoc-plugin:3.3.0:jar (attach-javadocs) @ config-server ---
[ERROR] Error fetching link: /Users/balaji/Documents/mac-mini/Projects.nosync/sapphire/services/config-server/target/javadoc-bundle-options. Ignored it.
[INFO] No previous run data found, generating javadoc.
[WARNING] Javadoc Warnings
[WARNING] Loading source files for package com.brihaspathee.sapphire...
[WARNING] Constructing Javadoc information...
[WARNING] Building index for all the packages and classes...
[WARNING] Standard Doclet version 21.0.3+7-LTS-152
[WARNING] Building tree for all the packages and classes...
[WARNING] Generating /Users/balaji/Documents/mac-mini/Projects.nosync/sapphire/services/config-server/target/apidocs/com/brihaspathee/sapphire/ConfigServerApplication.html...
[WARNING] /Users/balaji/Documents/mac-mini/Projects.nosync/sapphire/services/config-server/src/main/java/com/brihaspathee/sapphire/ConfigServerApplication.java:9: warning: no comment
[WARNING] public class ConfigServerApplication {
[WARNING] ^
[WARNING] /Users/balaji/Documents/mac-mini/Projects.nosync/sapphire/services/config-server/src/main/java/com/brihaspathee/sapphire/ConfigServerApplication.java:9: warning: use of default constructor, which does not provide a comment
[WARNING] public class ConfigServerApplication {
[WARNING] ^
[WARNING] /Users/balaji/Documents/mac-mini/Projects.nosync/sapphire/services/config-server/src/main/java/com/brihaspathee/sapphire/ConfigServerApplication.java:11: warning: no comment
[WARNING] public static void main(String[] args) {
[WARNING] ^
[WARNING] Generating /Users/balaji/Documents/mac-mini/Projects.nosync/sapphire/services/config-server/target/apidocs/com/brihaspathee/sapphire/package-summary.html...
[WARNING] Generating /Users/balaji/Documents/mac-mini/Projects.nosync/sapphire/services/config-server/target/apidocs/com/brihaspathee/sapphire/package-tree.html...
[WARNING] Generating /Users/balaji/Documents/mac-mini/Projects.nosync/sapphire/services/config-server/target/apidocs/com/brihaspathee/sapphire/class-use/ConfigServerApplication.html...
[WARNING] Generating /Users/balaji/Documents/mac-mini/Projects.nosync/sapphire/services/config-server/target/apidocs/com/brihaspathee/sapphire/package-use.html...
[WARNING] Generating /Users/balaji/Documents/mac-mini/Projects.nosync/sapphire/services/config-server/target/apidocs/overview-tree.html...
[WARNING] Building index for all classes...
[WARNING] Generating /Users/balaji/Documents/mac-mini/Projects.nosync/sapphire/services/config-server/target/apidocs/allclasses-index.html...
[WARNING] Generating /Users/balaji/Documents/mac-mini/Projects.nosync/sapphire/services/config-server/target/apidocs/allpackages-index.html...
[WARNING] Generating /Users/balaji/Documents/mac-mini/Projects.nosync/sapphire/services/config-server/target/apidocs/index-all.html...
[WARNING] Generating /Users/balaji/Documents/mac-mini/Projects.nosync/sapphire/services/config-server/target/apidocs/search.html...
[WARNING] Generating /Users/balaji/Documents/mac-mini/Projects.nosync/sapphire/services/config-server/target/apidocs/index.html...
[WARNING] Generating /Users/balaji/Documents/mac-mini/Projects.nosync/sapphire/services/config-server/target/apidocs/help-doc.html...
[WARNING] 3 warnings
[INFO] Building jar: /Users/balaji/Documents/mac-mini/Projects.nosync/sapphire/services/config-server/target/config-server-1.0.1-javadoc.jar
[INFO] 
[INFO] --- maven-gpg-plugin:1.5:sign (sign-artifacts) @ config-server ---
[INFO] 
[INFO] --- maven-install-plugin:3.1.3:install (default-install) @ config-server ---
[INFO] Installing /Users/balaji/Documents/mac-mini/Projects.nosync/sapphire/services/config-server/pom.xml to /Users/balaji/.m2/repository/com/brihaspathee/sapphire/config-server/1.0.1/config-server-1.0.1.pom
[INFO] Installing /Users/balaji/Documents/mac-mini/Projects.nosync/sapphire/services/config-server/target/config-server-1.0.1.jar to /Users/balaji/.m2/repository/com/brihaspathee/sapphire/config-server/1.0.1/config-server-1.0.1.jar
[INFO] Installing /Users/balaji/Documents/mac-mini/Projects.nosync/sapphire/services/config-server/target/config-server-1.0.1-sources.jar to /Users/balaji/.m2/repository/com/brihaspathee/sapphire/config-server/1.0.1/config-server-1.0.1-sources.jar
[INFO] Installing /Users/balaji/Documents/mac-mini/Projects.nosync/sapphire/services/config-server/target/config-server-1.0.1-javadoc.jar to /Users/balaji/.m2/repository/com/brihaspathee/sapphire/config-server/1.0.1/config-server-1.0.1-javadoc.jar
[INFO] Installing /Users/balaji/Documents/mac-mini/Projects.nosync/sapphire/services/config-server/target/config-server-1.0.1.jar.asc to /Users/balaji/.m2/repository/com/brihaspathee/sapphire/config-server/1.0.1/config-server-1.0.1.jar.asc
[INFO] Installing /Users/balaji/Documents/mac-mini/Projects.nosync/sapphire/services/config-server/target/config-server-1.0.1.pom.asc to /Users/balaji/.m2/repository/com/brihaspathee/sapphire/config-server/1.0.1/config-server-1.0.1.pom.asc
[INFO] Installing /Users/balaji/Documents/mac-mini/Projects.nosync/sapphire/services/config-server/target/config-server-1.0.1-sources.jar.asc to /Users/balaji/.m2/repository/com/brihaspathee/sapphire/config-server/1.0.1/config-server-1.0.1-sources.jar.asc
[INFO] Installing /Users/balaji/Documents/mac-mini/Projects.nosync/sapphire/services/config-server/target/config-server-1.0.1-javadoc.jar.asc to /Users/balaji/.m2/repository/com/brihaspathee/sapphire/config-server/1.0.1/config-server-1.0.1-javadoc.jar.asc
[INFO] 
[INFO] --- central-publishing-maven-plugin:0.6.0:publish (injected-central-publishing) @ config-server ---
[INFO] Using Central baseUrl: https://central.sonatype.com
[INFO] Using credentials from server id central in settings.xml
[INFO] Using Usertoken auth, with namecode: PxBaSSrO
[INFO] Staging 7 files
[INFO] Staging /Users/balaji/Documents/mac-mini/Projects.nosync/sapphire/services/config-server/target/config-server-1.0.1.jar
[INFO] Installing /Users/balaji/Documents/mac-mini/Projects.nosync/sapphire/services/config-server/target/config-server-1.0.1.jar to /Users/balaji/Documents/mac-mini/Projects.nosync/sapphire/services/config-server/target/central-staging/com/brihaspathee/sapphire/config-server/1.0.1/config-server-1.0.1.jar
[INFO] Installing /Users/balaji/Documents/mac-mini/Projects.nosync/sapphire/services/config-server/pom.xml to /Users/balaji/Documents/mac-mini/Projects.nosync/sapphire/services/config-server/target/central-staging/com/brihaspathee/sapphire/config-server/1.0.1/config-server-1.0.1.pom
[INFO] Staging /Users/balaji/Documents/mac-mini/Projects.nosync/sapphire/services/config-server/target/config-server-1.0.1-sources.jar
[INFO] Installing /Users/balaji/Documents/mac-mini/Projects.nosync/sapphire/services/config-server/target/config-server-1.0.1-sources.jar to /Users/balaji/Documents/mac-mini/Projects.nosync/sapphire/services/config-server/target/central-staging/com/brihaspathee/sapphire/config-server/1.0.1/config-server-1.0.1-sources.jar
[INFO] Staging /Users/balaji/Documents/mac-mini/Projects.nosync/sapphire/services/config-server/target/config-server-1.0.1-javadoc.jar
[INFO] Installing /Users/balaji/Documents/mac-mini/Projects.nosync/sapphire/services/config-server/target/config-server-1.0.1-javadoc.jar to /Users/balaji/Documents/mac-mini/Projects.nosync/sapphire/services/config-server/target/central-staging/com/brihaspathee/sapphire/config-server/1.0.1/config-server-1.0.1-javadoc.jar
[INFO] Staging /Users/balaji/Documents/mac-mini/Projects.nosync/sapphire/services/config-server/target/config-server-1.0.1.jar.asc
[INFO] Installing /Users/balaji/Documents/mac-mini/Projects.nosync/sapphire/services/config-server/target/config-server-1.0.1.jar.asc to /Users/balaji/Documents/mac-mini/Projects.nosync/sapphire/services/config-server/target/central-staging/com/brihaspathee/sapphire/config-server/1.0.1/config-server-1.0.1.jar.asc
[INFO] Staging /Users/balaji/Documents/mac-mini/Projects.nosync/sapphire/services/config-server/target/config-server-1.0.1.pom.asc
[INFO] Installing /Users/balaji/Documents/mac-mini/Projects.nosync/sapphire/services/config-server/target/config-server-1.0.1.pom.asc to /Users/balaji/Documents/mac-mini/Projects.nosync/sapphire/services/config-server/target/central-staging/com/brihaspathee/sapphire/config-server/1.0.1/config-server-1.0.1.pom.asc
[INFO] Staging /Users/balaji/Documents/mac-mini/Projects.nosync/sapphire/services/config-server/target/config-server-1.0.1-sources.jar.asc
[INFO] Installing /Users/balaji/Documents/mac-mini/Projects.nosync/sapphire/services/config-server/target/config-server-1.0.1-sources.jar.asc to /Users/balaji/Documents/mac-mini/Projects.nosync/sapphire/services/config-server/target/central-staging/com/brihaspathee/sapphire/config-server/1.0.1/config-server-1.0.1-sources.jar.asc
[INFO] Staging /Users/balaji/Documents/mac-mini/Projects.nosync/sapphire/services/config-server/target/config-server-1.0.1-javadoc.jar.asc
[INFO] Installing /Users/balaji/Documents/mac-mini/Projects.nosync/sapphire/services/config-server/target/config-server-1.0.1-javadoc.jar.asc to /Users/balaji/Documents/mac-mini/Projects.nosync/sapphire/services/config-server/target/central-staging/com/brihaspathee/sapphire/config-server/1.0.1/config-server-1.0.1-javadoc.jar.asc
[INFO] Pre Bundling - deleted /Users/balaji/Documents/mac-mini/Projects.nosync/sapphire/services/config-server/target/central-staging/com/brihaspathee/sapphire/config-server/maven-metadata-central-staging.xml
[INFO] Generate checksums for dir: com/brihaspathee/sapphire/config-server/1.0.1
[INFO] Going to create /Users/balaji/Documents/mac-mini/Projects.nosync/sapphire/services/config-server/target/central-publishing/central-bundle.zip by bundling content at /Users/balaji/Documents/mac-mini/Projects.nosync/sapphire/services/config-server/target/central-staging
[INFO] Created bundle successfully /Users/balaji/Documents/mac-mini/Projects.nosync/sapphire/services/config-server/target/central-staging/central-bundle.zip
[INFO] Going to upload /Users/balaji/Documents/mac-mini/Projects.nosync/sapphire/services/config-server/target/central-publishing/central-bundle.zip
[INFO] Uploaded bundle successfully, deployment name: Deployment, deploymentId: d0763eef-313c-4a5b-ac7b-152f2b95b34e. Deployment will require manual publishing
[INFO] Waiting until Deployment d0763eef-313c-4a5b-ac7b-152f2b95b34e is validated
[INFO] Deployment d0763eef-313c-4a5b-ac7b-152f2b95b34e has been validated. To finish publishing visit https://central.sonatype.com/publishing/deployments
[INFO] ------------------------------------------------------------------------
[INFO] BUILD SUCCESS
[INFO] ------------------------------------------------------------------------
[INFO] Total time:  45.894 s
[INFO] Finished at: 2025-03-05T05:39:39-05:00
[INFO] ------------------------------------------------------------------------
